<?xml version="1.0" encoding="UTF-8"?>
<testng-results ignored="0" total="10" passed="10" failed="0" skipped="0">
  <reporter-output>
  </reporter-output>
  <suite started-at="2023-04-18T15:48:17 UTC" name="All Test Suite" finished-at="2023-04-18T15:56:24 UTC" duration-ms="486911">
    <groups>
    </groups>
    <test started-at="2023-04-18T15:48:17 UTC" name="Employee" finished-at="2023-04-18T15:56:24 UTC" duration-ms="486911">
      <class name="com.employee.tests.PostTests">
        <test-method signature="createEmployee(java.lang.reflect.Method)[pri:0, instance:com.employee.tests.PostTests@22ef9844]" started-at="2023-04-18T15:53:23 UTC" name="createEmployee" finished-at="2023-04-18T15:54:24 UTC" duration-ms="60957" status="PASS">
          <params>
            <param index="0">
              <value>
                <![CDATA[public void com.employee.tests.PostTests.createEmployee(java.lang.reflect.Method)]]>
              </value>
            </param>
          </params>
          <reporter-output>
          </reporter-output>
        </test-method> <!-- createEmployee -->
        <test-method signature="createEmployeeUsingJSONObject(java.lang.reflect.Method)[pri:0, instance:com.employee.tests.PostTests@22ef9844]" started-at="2023-04-18T15:54:24 UTC" name="createEmployeeUsingJSONObject" finished-at="2023-04-18T15:55:24 UTC" duration-ms="60196" status="PASS">
          <params>
            <param index="0">
              <value>
                <![CDATA[public void com.employee.tests.PostTests.createEmployeeUsingJSONObject(java.lang.reflect.Method)]]>
              </value>
            </param>
          </params>
          <reporter-output>
          </reporter-output>
        </test-method> <!-- createEmployeeUsingJSONObject -->
        <test-method signature="createEmployeeFromExternalFile(java.lang.reflect.Method)[pri:0, instance:com.employee.tests.PostTests@22ef9844]" started-at="2023-04-18T15:55:24 UTC" name="createEmployeeFromExternalFile" finished-at="2023-04-18T15:56:24 UTC" duration-ms="60200" status="PASS">
          <params>
            <param index="0">
              <value>
                <![CDATA[public void com.employee.tests.PostTests.createEmployeeFromExternalFile(java.lang.reflect.Method) throws java.io.IOException]]>
              </value>
            </param>
          </params>
          <reporter-output>
          </reporter-output>
        </test-method> <!-- createEmployeeFromExternalFile -->
      </class> <!-- com.employee.tests.PostTests -->
      <class name="com.employee.tests.GetTests">
        <test-method signature="getEmployee(java.lang.reflect.Method)[pri:0, instance:com.employee.tests.GetTests@5562c41e]" started-at="2023-04-18T15:48:17 UTC" name="getEmployee" finished-at="2023-04-18T15:49:20 UTC" duration-ms="62949" status="PASS">
          <params>
            <param index="0">
              <value>
                <![CDATA[public void com.employee.tests.GetTests.getEmployee(java.lang.reflect.Method)]]>
              </value>
            </param>
          </params>
          <reporter-output>
          </reporter-output>
        </test-method> <!-- getEmployee -->
        <test-method signature="getEmployeeByID(int,java.lang.String,java.lang.reflect.Method)[pri:0, instance:com.employee.tests.GetTests@5562c41e]" started-at="2023-04-18T15:49:20 UTC" name="getEmployeeByID" data-provider="getIdList" finished-at="2023-04-18T15:50:21 UTC" duration-ms="60423" status="PASS">
          <params>
            <param index="0">
              <value>
                <![CDATA[1]]>
              </value>
            </param>
            <param index="1">
              <value>
                <![CDATA[Tiger Nixon]]>
              </value>
            </param>
            <param index="2">
              <value>
                <![CDATA[public void com.employee.tests.GetTests.getEmployeeByID(int,java.lang.String,java.lang.reflect.Method)]]>
              </value>
            </param>
          </params>
          <reporter-output>
          </reporter-output>
        </test-method> <!-- getEmployeeByID -->
        <test-method signature="getEmployeeByID(int,java.lang.String,java.lang.reflect.Method)[pri:0, instance:com.employee.tests.GetTests@5562c41e]" started-at="2023-04-18T15:50:21 UTC" name="getEmployeeByID" data-provider="getIdList" finished-at="2023-04-18T15:51:21 UTC" duration-ms="60293" status="PASS">
          <params>
            <param index="0">
              <value>
                <![CDATA[2]]>
              </value>
            </param>
            <param index="1">
              <value>
                <![CDATA[Garrett Winters]]>
              </value>
            </param>
            <param index="2">
              <value>
                <![CDATA[public void com.employee.tests.GetTests.getEmployeeByID(int,java.lang.String,java.lang.reflect.Method)]]>
              </value>
            </param>
          </params>
          <reporter-output>
          </reporter-output>
        </test-method> <!-- getEmployeeByID -->
        <test-method signature="getEmployeeByID(int,java.lang.String,java.lang.reflect.Method)[pri:0, instance:com.employee.tests.GetTests@5562c41e]" started-at="2023-04-18T15:51:21 UTC" name="getEmployeeByID" data-provider="getIdList" finished-at="2023-04-18T15:52:21 UTC" duration-ms="60310" status="PASS">
          <params>
            <param index="0">
              <value>
                <![CDATA[3]]>
              </value>
            </param>
            <param index="1">
              <value>
                <![CDATA[Ashton Cox]]>
              </value>
            </param>
            <param index="2">
              <value>
                <![CDATA[public void com.employee.tests.GetTests.getEmployeeByID(int,java.lang.String,java.lang.reflect.Method)]]>
              </value>
            </param>
          </params>
          <reporter-output>
          </reporter-output>
        </test-method> <!-- getEmployeeByID -->
        <test-method signature="getEmployeeByID(int,java.lang.String,java.lang.reflect.Method)[pri:0, instance:com.employee.tests.GetTests@5562c41e]" started-at="2023-04-18T15:52:21 UTC" name="getEmployeeByID" data-provider="getIdList" finished-at="2023-04-18T15:53:22 UTC" duration-ms="60321" status="PASS">
          <params>
            <param index="0">
              <value>
                <![CDATA[4]]>
              </value>
            </param>
            <param index="1">
              <value>
                <![CDATA[Cedric Kelly]]>
              </value>
            </param>
            <param index="2">
              <value>
                <![CDATA[public void com.employee.tests.GetTests.getEmployeeByID(int,java.lang.String,java.lang.reflect.Method)]]>
              </value>
            </param>
          </params>
          <reporter-output>
          </reporter-output>
        </test-method> <!-- getEmployeeByID -->
        <test-method signature="postmanGetCall()[pri:0, instance:com.employee.tests.GetTests@5562c41e]" started-at="2023-04-18T15:53:22 UTC" name="postmanGetCall" finished-at="2023-04-18T15:53:22 UTC" duration-ms="550" status="PASS">
          <reporter-output>
          </reporter-output>
        </test-method> <!-- postmanGetCall -->
        <test-method signature="postmanGetAllWorkspaces()[pri:0, instance:com.employee.tests.GetTests@5562c41e]" started-at="2023-04-18T15:53:22 UTC" name="postmanGetAllWorkspaces" finished-at="2023-04-18T15:53:23 UTC" duration-ms="624" status="PASS">
          <reporter-output>
          </reporter-output>
        </test-method> <!-- postmanGetAllWorkspaces -->
      </class> <!-- com.employee.tests.GetTests -->
    </test> <!-- Employee -->
  </suite> <!-- All Test Suite -->
</testng-results>
