<?xml version="1.0" encoding="UTF-8"?>
<testsuite xmlns:xsi="http://www.w3.org/2001/XMLSchema-instance" xsi:noNamespaceSchemaLocation="https://maven.apache.org/surefire/maven-surefire-plugin/xsd/surefire-test-report-3.0.xsd" version="3.0" name="TestSuite" time="488.537" tests="10" errors="0" skipped="0" failures="0">
  <properties>
[...]
</properties>
  <testcase name="getEmployee[public void com.employee.tests.GetTests.getEmployee(java.lang.reflect.Method)](1)" classname="com.employee.tests.GetTests" time="62.954">
    <system-out><![CDATA[Request method:	GET
Request URI:	https://dummy.restapiexample.com/api/v1/employees
Proxy:			<none>
Request params:	<none>
Query params:	<none>
Form params:	<none>
Path params:	<none>
Headers:		Accept=*/*
				Content-Type=[ BLACKLISTED ]
Cookies:		<none>
Multiparts:		<none>
Body:			<none>
{
    "status": "success",
    "data": [
        {
            "id": 1,
            "employee_name": "Tiger Nixon",
            "employee_salary": 320800,
            "employee_age": 61,
            "profile_image": ""
        },
        {
            "id": 2,
            "employee_name": "Garrett Winters",
            "employee_salary": 170750,
            "employee_age": 63,
            "profile_image": ""
        },
        {
            "id": 3,
            "employee_name": "Ashton Cox",
            "employee_salary": 86000,
            "employee_age": 66,
            "profile_image": ""
        },
        {
            "id": 4,
            "employee_name": "Cedric Kelly",
            "employee_salary": 433060,
            "employee_age": 22,
            "profile_image": ""
        },
        {
            "id": 5,
            "employee_name": "Airi Satou",
            "employee_salary": 162700,
            "employee_age": 33,
            "profile_image": ""
        },
        {
            "id": 6,
            "employee_name": "Brielle Williamson",
            "employee_salary": 372000,
            "employee_age": 61,
            "profile_image": ""
        },
        {
            "id": 7,
            "employee_name": "Herrod Chandler",
            "employee_salary": 137500,
            "employee_age": 59,
            "profile_image": ""
        },
        {
            "id": 8,
            "employee_name": "Rhona Davidson",
            "employee_salary": 327900,
            "employee_age": 55,
            "profile_image": ""
        },
        {
            "id": 9,
            "employee_name": "Colleen Hurst",
            "employee_salary": 205500,
            "employee_age": 39,
            "profile_image": ""
        },
        {
            "id": 10,
            "employee_name": "Sonya Frost",
            "employee_salary": 103600,
            "employee_age": 23,
            "profile_image": ""
        },
        {
            "id": 11,
            "employee_name": "Jena Gaines",
            "employee_salary": 90560,
            "employee_age": 30,
            "profile_image": ""
        },
        {
            "id": 12,
            "employee_name": "Quinn Flynn",
            "employee_salary": 342000,
            "employee_age": 22,
            "profile_image": ""
        },
        {
            "id": 13,
            "employee_name": "Charde Marshall",
            "employee_salary": 470600,
            "employee_age": 36,
            "profile_image": ""
        },
        {
            "id": 14,
            "employee_name": "Haley Kennedy",
            "employee_salary": 313500,
            "employee_age": 43,
            "profile_image": ""
        },
        {
            "id": 15,
            "employee_name": "Tatyana Fitzpatrick",
            "employee_salary": 385750,
            "employee_age": 19,
            "profile_image": ""
        },
        {
            "id": 16,
            "employee_name": "Michael Silva",
            "employee_salary": 198500,
            "employee_age": 66,
            "profile_image": ""
        },
        {
            "id": 17,
            "employee_name": "Paul Byrd",
            "employee_salary": 725000,
            "employee_age": 64,
            "profile_image": ""
        },
        {
            "id": 18,
            "employee_name": "Gloria Little",
            "employee_salary": 237500,
            "employee_age": 59,
            "profile_image": ""
        },
        {
            "id": 19,
            "employee_name": "Bradley Greer",
            "employee_salary": 132000,
            "employee_age": 41,
            "profile_image": ""
        },
        {
            "id": 20,
            "employee_name": "Dai Rios",
            "employee_salary": 217500,
            "employee_age": 35,
            "profile_image": ""
        },
        {
            "id": 21,
            "employee_name": "Jenette Caldwell",
            "employee_salary": 345000,
            "employee_age": 30,
            "profile_image": ""
        },
        {
            "id": 22,
            "employee_name": "Yuri Berry",
            "employee_salary": 675000,
            "employee_age": 40,
            "profile_image": ""
        },
        {
            "id": 23,
            "employee_name": "Caesar Vance",
            "employee_salary": 106450,
            "employee_age": 21,
            "profile_image": ""
        },
        {
            "id": 24,
            "employee_name": "Doris Wilder",
            "employee_salary": 85600,
            "employee_age": 23,
            "profile_image": ""
        }
    ],
    "message": "Successfully! All records has been fetched."
}
Tiger Nixon
Garrett Winters
Ashton Cox
Cedric Kelly
Airi Satou
Brielle Williamson
Herrod Chandler
Rhona Davidson
Colleen Hurst
Sonya Frost
Jena Gaines
Quinn Flynn
Charde Marshall
Haley Kennedy
Tatyana Fitzpatrick
Michael Silva
Paul Byrd
Gloria Little
Bradley Greer
Dai Rios
Jenette Caldwell
Yuri Berry
Caesar Vance
]]></system-out>
    <system-err><![CDATA[SLF4J: Failed to load class "org.slf4j.impl.StaticLoggerBinder".
SLF4J: Defaulting to no-operation (NOP) logger implementation
SLF4J: See http://www.slf4j.org/codes.html#StaticLoggerBinder for further details.
]]></system-err>
  </testcase>
  <testcase name="getEmployeeByID[1, Tiger Nixon, public void com.employee.tests.GetTests.getEmployeeByID(int,java.lang.String,java.lang.reflect.Method)](1)" classname="com.employee.tests.GetTests" time="60.422">
    <system-out><![CDATA[Request method:	GET
Request URI:	https://dummy.restapiexample.com/api/v1/employee/1
Proxy:			<none>
Request params:	<none>
Query params:	<none>
Form params:	<none>
Path params:	id=1
Headers:		Accept=*/*
				Content-Type=[ BLACKLISTED ]
Cookies:		<none>
Multiparts:		<none>
Body:			<none>
{
    "status": "success",
    "data": {
        "id": 1,
        "employee_name": "Tiger Nixon",
        "employee_salary": 320800,
        "employee_age": 61,
        "profile_image": ""
    },
    "message": "Successfully! Record has been fetched."
}
]]></system-out>
  </testcase>
  <testcase name="getEmployeeByID[2, Garrett Winters, public void com.employee.tests.GetTests.getEmployeeByID(int,java.lang.String,java.lang.reflect.Method)](2)" classname="com.employee.tests.GetTests" time="60.295">
    <system-out><![CDATA[Request method:	GET
Request URI:	https://dummy.restapiexample.com/api/v1/employee/2
Proxy:			<none>
Request params:	<none>
Query params:	<none>
Form params:	<none>
Path params:	id=2
Headers:		Accept=*/*
				Content-Type=[ BLACKLISTED ]
Cookies:		<none>
Multiparts:		<none>
Body:			<none>
{
    "status": "success",
    "data": {
        "id": 2,
        "employee_name": "Garrett Winters",
        "employee_salary": 170750,
        "employee_age": 63,
        "profile_image": ""
    },
    "message": "Successfully! Record has been fetched."
}
]]></system-out>
  </testcase>
  <testcase name="getEmployeeByID[3, Ashton Cox, public void com.employee.tests.GetTests.getEmployeeByID(int,java.lang.String,java.lang.reflect.Method)](3)" classname="com.employee.tests.GetTests" time="60.309">
    <system-out><![CDATA[Request method:	GET
Request URI:	https://dummy.restapiexample.com/api/v1/employee/3
Proxy:			<none>
Request params:	<none>
Query params:	<none>
Form params:	<none>
Path params:	id=3
Headers:		Accept=*/*
				Content-Type=[ BLACKLISTED ]
Cookies:		<none>
Multiparts:		<none>
Body:			<none>
{
    "status": "success",
    "data": {
        "id": 3,
        "employee_name": "Ashton Cox",
        "employee_salary": 86000,
        "employee_age": 66,
        "profile_image": ""
    },
    "message": "Successfully! Record has been fetched."
}
]]></system-out>
  </testcase>
  <testcase name="getEmployeeByID[4, Cedric Kelly, public void com.employee.tests.GetTests.getEmployeeByID(int,java.lang.String,java.lang.reflect.Method)](4)" classname="com.employee.tests.GetTests" time="60.321">
    <system-out><![CDATA[Request method:	GET
Request URI:	https://dummy.restapiexample.com/api/v1/employee/4
Proxy:			<none>
Request params:	<none>
Query params:	<none>
Form params:	<none>
Path params:	id=4
Headers:		Accept=*/*
				Content-Type=[ BLACKLISTED ]
Cookies:		<none>
Multiparts:		<none>
Body:			<none>
{
    "status": "success",
    "data": {
        "id": 4,
        "employee_name": "Cedric Kelly",
        "employee_salary": 433060,
        "employee_age": 22,
        "profile_image": ""
    },
    "message": "Successfully! Record has been fetched."
}
]]></system-out>
  </testcase>
  <testcase name="postmanGetCall" classname="com.employee.tests.GetTests" time="0.55">
    <system-out><![CDATA[{
    "authenticated": true
}
]]></system-out>
  </testcase>
  <testcase name="postmanGetAllWorkspaces" classname="com.employee.tests.GetTests" time="0.625">
    <system-out><![CDATA[{
    "workspaces": [
        {
            "id": "7ff353c6-bf0f-46c9-811f-e389d4350236",
            "name": "My Workspace",
            "type": "personal",
            "visibility": "personal"
        },
        {
            "id": "bffd5429-6ca4-44cc-9e9c-ee54e74f7049",
            "name": "ThisForLearning",
            "type": "personal",
            "visibility": "personal"
        }
    ]
}
]]></system-out>
  </testcase>
  <testcase name="createEmployee[public void com.employee.tests.PostTests.createEmployee(java.lang.reflect.Method)](1)" classname="com.employee.tests.PostTests" time="60.959">
    <system-out><![CDATA[Request method:	POST
Request URI:	https://dummy.restapiexample.com/api/v1/create
Proxy:			<none>
Request params:	<none>
Query params:	<none>
Form params:	<none>
Path params:	<none>
Headers:		Accept=*/*
				Content-Type=[ BLACKLISTED ]
Cookies:		<none>
Multiparts:		<none>
Body:
{
    "name": "Shanti Considine",
    "salary": 5000,
    "age": 52,
    "id": 3508
}
]]></system-out>
  </testcase>
  <testcase name="createEmployeeUsingJSONObject[public void com.employee.tests.PostTests.createEmployeeUsingJSONObject(java.lang.reflect.Method)](1)" classname="com.employee.tests.PostTests" time="60.188">
    <system-out><![CDATA[Request method:	POST
Request URI:	https://dummy.restapiexample.com/api/v1/create
Proxy:			<none>
Request params:	<none>
Query params:	<none>
Form params:	<none>
Path params:	<none>
Headers:		Accept=*/*
				Content-Type=[ BLACKLISTED ]
Cookies:		<none>
Multiparts:		<none>
Body:
{
    "name": "Ricardo Haley",
    "id": 4418,
    "salary": 5000,
    "age": 46
}
{
    "status": "success",
    "data": {
        "name": "Ricardo Haley",
        "id": 3338,
        "salary": 5000,
        "age": 46
    },
    "message": "Successfully! Record has been added."
}
]]></system-out>
  </testcase>
  <testcase name="createEmployeeFromExternalFile[public void com.employee.tests.PostTests.createEmployeeFromExternalFile(java.lang.reflect.Method) throws java.io.IOException](1)" classname="com.employee.tests.PostTests" time="60.201">
    <system-out><![CDATA[Request method:	POST
Request URI:	https://dummy.restapiexample.com/api/v1/create
Proxy:			<none>
Request params:	<none>
Query params:	<none>
Form params:	<none>
Path params:	<none>
Headers:		Accept=*/*
				Content-Type=[ BLACKLISTED ]
Cookies:		<none>
Multiparts:		<none>
Body:
[B@6802c10e
{
    "status": "success",
    "data": {
        "id": 286
    },
    "message": "Successfully! Record has been added."
}
]]></system-out>
  </testcase>
</testsuite>