<?xml version="1.0" encoding="UTF-8"?>
<!-- Generated by org.testng.reporters.JUnitXMLReporter -->
<testsuite ignored="3" hostname="fv-az357-671" failures="0" tests="1" name="Employee" time="63.336" errors="0" timestamp="2023-04-18T15:12:02 UTC">
  <testcase classname="com.employee.tests.GetTests" name="getEmployee" time="63.286"/>
  <testcase classname="com.employee.tests.GetTests" name="getEmployeeByID" time="0.0">
    <ignored/>
  </testcase> <!-- getEmployeeByID -->
  <testcase classname="com.employee.tests.GetTests" name="postmanGetCall" time="0.0">
    <ignored/>
  </testcase> <!-- postmanGetCall -->
  <testcase classname="com.employee.tests.GetTests" name="postmanGetAllWorkspaces" time="0.0">
    <ignored/>
  </testcase> <!-- postmanGetAllWorkspaces -->
</testsuite> <!-- Employee -->
