<?xml version="1.0" encoding="UTF-8"?>
<!-- Generated by org.testng.reporters.JUnitXMLReporter -->
<testsuite ignored="0" hostname="fv-az1256-26" failures="0" tests="10" name="Employee" time="487.041" errors="0" timestamp="2023-04-18T15:23:44 UTC">
  <testcase classname="com.employee.tests.GetTests" name="getEmployee" time="62.498"/>
  <testcase classname="com.employee.tests.GetTests" name="getEmployeeByID" time="60.54"/>
  <testcase classname="com.employee.tests.GetTests" name="getEmployeeByID" time="60.541"/>
  <testcase classname="com.employee.tests.GetTests" name="getEmployeeByID" time="60.402"/>
  <testcase classname="com.employee.tests.GetTests" name="getEmployeeByID" time="60.516"/>
  <testcase classname="com.employee.tests.GetTests" name="postmanGetCall" time="0.183"/>
  <testcase classname="com.employee.tests.GetTests" name="postmanGetAllWorkspaces" time="0.339"/>
  <testcase classname="com.employee.tests.PostTests" name="createEmployee" time="61.0"/>
  <testcase classname="com.employee.tests.PostTests" name="createEmployeeUsingJSONObject" time="60.497"/>
  <testcase classname="com.employee.tests.PostTests" name="createEmployeeFromExternalFile" time="60.46"/>
</testsuite> <!-- Employee -->
